<?xml version="1.0" encoding="UTF-8"?>
<!-- Generated by org.testng.reporters.JUnitReportReporter -->
<testsuite skipped="0" hostname="Nilmie" name="Test.Login" tests="1" failures="0" timestamp="22 Oct 2018 11:13:05 GMT" time="8.903" errors="0">
  <testcase name="test_Home_Page_Appear_Correct" time="8.903" classname="Test.Login"/>
</testsuite> <!-- Test.Login -->
